    OpenRGB v0.8
    Commit:  from 
    Launched: 20230120_182247
====================================================================================================

148   |Info:    Found file: blue.orp attempting to validate header
148   |Info:    Valid v3 profile found for blue
1149  |Info:    ------------------------------------------------------
1149  |Info:    |               Start device detection               |
1149  |Info:    ------------------------------------------------------
1149  |Info:    Initializing HID interfaces: Success
1152  |Info:    ------------------------------------------------------
1152  |Info:    |             Detecting I2C interfaces               |
1152  |Info:    ------------------------------------------------------
1152  |Info:    Registering I2C interface: /dev/i2c-3 Device 1002:73BF Subsystem: 1043:04F2
1152  |Info:    Registering I2C interface: /dev/i2c-10 Device 1022:790B Subsystem: 1043:87C0
1152  |Info:    Registering I2C interface: /dev/i2c-1 Device 1002:73BF Subsystem: 1043:04F2
1152  |Warning: [i2c_smbus_linux] Failed to read i2c device PCI device ID
1152  |Info:    Registering I2C interface: /dev/i2c-8 Device 0000:0000 Subsystem: 0000:0000
1152  |Info:    Registering I2C interface: /dev/i2c-6 Device 1002:73BF Subsystem: 1043:04F2
1152  |Info:    Registering I2C interface: /dev/i2c-4 Device 1002:73BF Subsystem: 1043:04F2
1152  |Info:    Registering I2C interface: /dev/i2c-11 Device 1022:790B Subsystem: 1043:87C0
1152  |Info:    Registering I2C interface: /dev/i2c-2 Device 1002:73BF Subsystem: 1043:04F2
1153  |Info:    Registering I2C interface: /dev/i2c-0 Device 0000:0000 Subsystem: 0000:0000
1153  |Warning: [i2c_smbus_linux] Failed to read i2c device PCI device ID
1153  |Info:    Registering I2C interface: /dev/i2c-9 Device 0000:0000 Subsystem: 0000:0000
1153  |Warning: [i2c_smbus_linux] Failed to read i2c device PCI device ID
1153  |Info:    Registering I2C interface: /dev/i2c-7 Device 0000:0000 Subsystem: 0000:0000
1153  |Info:    Registering I2C interface: /dev/i2c-5 Device 1002:73BF Subsystem: 1043:04F2
1153  |Info:    Registering I2C interface: /dev/i2c-12 Device 1022:790B Subsystem: 1043:87C0
1153  |Info:    ------------------------------------------------------
1153  |Info:    |               Detecting I2C devices                |
1153  |Info:    ------------------------------------------------------
2214  |Info:    ------------------------------------------------------
2214  |Info:    |               Detecting I2C PCI devices            |
2214  |Info:    ------------------------------------------------------
2377  |Info:    ------------------------------------------------------
2377  |Info:    |               Detecting HID devices                |
2377  |Info:    ------------------------------------------------------
2454  |Info:    [ASUS ROG STRIX B550-F GAMING (WI-FI)] Registering RGB controller
2478  |Info:    [Razer Deathadder V2] Registering RGB controller
2478  |Info:    ------------------------------------------------------
2478  |Info:    |              Detecting other devices               |
2478  |Info:    ------------------------------------------------------
2500  |Info:    [Lian Li Uni Hub] Registering RGB controller
2501  |Info:    ------------------------------------------------------
2501  |Info:    |                Detection completed                 |
2501  |Info:    ------------------------------------------------------
2501  |Info:    Profile loading: Succeeded for ASUS ROG STRIX B550-F GAMING (WI-FI) @ HID: /dev/hidraw8
2501  |Info:    Profile loading: Succeeded for Razer Deathadder V2 @ HID: /dev/hidraw0
2501  |Info:    Profile loading: Succeeded for Lian Li Uni Hub @ USB: 7:1
