    OpenRGB v0.8
    Commit:  from 
    Launched: 20230115_140125
====================================================================================================

30    |Info:    Found file: blue.orp attempting to validate header
30    |Info:    Valid v3 profile found for blue
1032  |Info:    ------------------------------------------------------
1032  |Info:    |               Start device detection               |
1032  |Info:    ------------------------------------------------------
1032  |Info:    Initializing HID interfaces: Success
1035  |Info:    ------------------------------------------------------
1035  |Info:    |             Detecting I2C interfaces               |
1035  |Info:    ------------------------------------------------------
1035  |Info:    Registering I2C interface: /dev/i2c-3 Device 1002:73BF Subsystem: 1043:04F2
1035  |Info:    Registering I2C interface: /dev/i2c-10 Device 1022:790B Subsystem: 1043:87C0
1035  |Info:    Registering I2C interface: /dev/i2c-1 Device 1002:73BF Subsystem: 1043:04F2
1035  |Warning: [i2c_smbus_linux] Failed to read i2c device PCI device ID
1035  |Info:    Registering I2C interface: /dev/i2c-8 Device 0000:0000 Subsystem: 0000:0000
1036  |Info:    Registering I2C interface: /dev/i2c-6 Device 1002:73BF Subsystem: 1043:04F2
1036  |Info:    Registering I2C interface: /dev/i2c-4 Device 1002:73BF Subsystem: 1043:04F2
1036  |Info:    Registering I2C interface: /dev/i2c-11 Device 1022:790B Subsystem: 1043:87C0
1036  |Info:    Registering I2C interface: /dev/i2c-2 Device 1002:73BF Subsystem: 1043:04F2
1036  |Info:    Registering I2C interface: /dev/i2c-0 Device 0000:0000 Subsystem: 0000:0000
1036  |Warning: [i2c_smbus_linux] Failed to read i2c device PCI device ID
1036  |Info:    Registering I2C interface: /dev/i2c-9 Device 0000:0000 Subsystem: 0000:0000
1036  |Warning: [i2c_smbus_linux] Failed to read i2c device PCI device ID
1036  |Info:    Registering I2C interface: /dev/i2c-7 Device 0000:0000 Subsystem: 0000:0000
1036  |Info:    Registering I2C interface: /dev/i2c-5 Device 1002:73BF Subsystem: 1043:04F2
1036  |Info:    Registering I2C interface: /dev/i2c-12 Device 1022:790B Subsystem: 1043:87C0
1036  |Info:    ------------------------------------------------------
1036  |Info:    |               Detecting I2C devices                |
1036  |Info:    ------------------------------------------------------
2121  |Info:    ------------------------------------------------------
2121  |Info:    |               Detecting I2C PCI devices            |
2121  |Info:    ------------------------------------------------------
2285  |Info:    ------------------------------------------------------
2285  |Info:    |               Detecting HID devices                |
2285  |Info:    ------------------------------------------------------
2360  |Info:    [ASUS ROG STRIX B550-F GAMING (WI-FI)] Registering RGB controller
2384  |Info:    [Razer Deathadder V2] Registering RGB controller
2384  |Info:    ------------------------------------------------------
2384  |Info:    |              Detecting other devices               |
2384  |Info:    ------------------------------------------------------
2407  |Info:    [Lian Li Uni Hub] Registering RGB controller
2407  |Info:    ------------------------------------------------------
2407  |Info:    |                Detection completed                 |
2407  |Info:    ------------------------------------------------------
2407  |Info:    Profile loading: Succeeded for ASUS ROG STRIX B550-F GAMING (WI-FI) @ HID: /dev/hidraw8
2407  |Info:    Profile loading: Succeeded for Razer Deathadder V2 @ HID: /dev/hidraw0
2407  |Info:    Profile loading: Succeeded for Lian Li Uni Hub @ USB: 7:1
