    OpenRGB v0.8
    Commit:  from 
    Launched: 20230113_140454
====================================================================================================

102   |Info:    Found file: blue.orp attempting to validate header
102   |Info:    Valid v3 profile found for blue
1104  |Info:    ------------------------------------------------------
1104  |Info:    |               Start device detection               |
1104  |Info:    ------------------------------------------------------
1104  |Info:    Initializing HID interfaces: Success
1107  |Info:    ------------------------------------------------------
1107  |Info:    |             Detecting I2C interfaces               |
1107  |Info:    ------------------------------------------------------
1107  |Info:    Registering I2C interface: /dev/i2c-3 Device 1002:73BF Subsystem: 1043:04F2
1107  |Info:    Registering I2C interface: /dev/i2c-10 Device 1022:790B Subsystem: 1043:87C0
1107  |Info:    Registering I2C interface: /dev/i2c-1 Device 1002:73BF Subsystem: 1043:04F2
1107  |Warning: [i2c_smbus_linux] Failed to read i2c device PCI device ID
1107  |Info:    Registering I2C interface: /dev/i2c-8 Device 0000:0000 Subsystem: 0000:0000
1107  |Info:    Registering I2C interface: /dev/i2c-6 Device 1002:73BF Subsystem: 1043:04F2
1107  |Info:    Registering I2C interface: /dev/i2c-4 Device 1002:73BF Subsystem: 1043:04F2
1107  |Info:    Registering I2C interface: /dev/i2c-11 Device 1022:790B Subsystem: 1043:87C0
1107  |Info:    Registering I2C interface: /dev/i2c-2 Device 1002:73BF Subsystem: 1043:04F2
1107  |Info:    Registering I2C interface: /dev/i2c-0 Device 0000:0000 Subsystem: 0000:0000
1107  |Warning: [i2c_smbus_linux] Failed to read i2c device PCI device ID
1107  |Info:    Registering I2C interface: /dev/i2c-9 Device 0000:0000 Subsystem: 0000:0000
1107  |Warning: [i2c_smbus_linux] Failed to read i2c device PCI device ID
1107  |Info:    Registering I2C interface: /dev/i2c-7 Device 0000:0000 Subsystem: 0000:0000
1107  |Info:    Registering I2C interface: /dev/i2c-5 Device 1002:73BF Subsystem: 1043:04F2
1107  |Info:    Registering I2C interface: /dev/i2c-12 Device 1022:790B Subsystem: 1043:87C0
1107  |Info:    ------------------------------------------------------
1107  |Info:    |               Detecting I2C devices                |
1107  |Info:    ------------------------------------------------------
2185  |Info:    ------------------------------------------------------
2185  |Info:    |               Detecting I2C PCI devices            |
2185  |Info:    ------------------------------------------------------
2351  |Info:    ------------------------------------------------------
2351  |Info:    |               Detecting HID devices                |
2351  |Info:    ------------------------------------------------------
2426  |Info:    [ASUS ROG STRIX B550-F GAMING (WI-FI)] Registering RGB controller
2450  |Info:    [Razer Deathadder V2] Registering RGB controller
2450  |Info:    ------------------------------------------------------
2450  |Info:    |              Detecting other devices               |
2450  |Info:    ------------------------------------------------------
2471  |Info:    [Lian Li Uni Hub] Registering RGB controller
2471  |Info:    ------------------------------------------------------
2471  |Info:    |                Detection completed                 |
2471  |Info:    ------------------------------------------------------
2471  |Info:    Profile loading: Succeeded for ASUS ROG STRIX B550-F GAMING (WI-FI) @ HID: /dev/hidraw8
2471  |Info:    Profile loading: Succeeded for Razer Deathadder V2 @ HID: /dev/hidraw0
2471  |Info:    Profile loading: Succeeded for Lian Li Uni Hub @ USB: 7:1
