    OpenRGB v0.8
    Commit:  from 
    Launched: 20230105_132750
====================================================================================================

150   |Info:    Found file: blue.orp attempting to validate header
150   |Info:    Valid v3 profile found for blue
1151  |Info:    ------------------------------------------------------
1151  |Info:    |               Start device detection               |
1151  |Info:    ------------------------------------------------------
1151  |Info:    Initializing HID interfaces: Success
1154  |Info:    ------------------------------------------------------
1154  |Info:    |             Detecting I2C interfaces               |
1154  |Info:    ------------------------------------------------------
1154  |Info:    Registering I2C interface: /dev/i2c-3 Device 1002:73BF Subsystem: 1043:04F2
1154  |Info:    Registering I2C interface: /dev/i2c-10 Device 1022:790B Subsystem: 1043:87C0
1154  |Info:    Registering I2C interface: /dev/i2c-1 Device 1002:73BF Subsystem: 1043:04F2
1154  |Warning: [i2c_smbus_linux] Failed to read i2c device PCI device ID
1154  |Info:    Registering I2C interface: /dev/i2c-8 Device 0000:0000 Subsystem: 0000:0000
1154  |Info:    Registering I2C interface: /dev/i2c-6 Device 1002:73BF Subsystem: 1043:04F2
1154  |Info:    Registering I2C interface: /dev/i2c-4 Device 1002:73BF Subsystem: 1043:04F2
1154  |Info:    Registering I2C interface: /dev/i2c-11 Device 1022:790B Subsystem: 1043:87C0
1154  |Info:    Registering I2C interface: /dev/i2c-2 Device 1002:73BF Subsystem: 1043:04F2
1154  |Info:    Registering I2C interface: /dev/i2c-0 Device 0000:0000 Subsystem: 0000:0000
1154  |Warning: [i2c_smbus_linux] Failed to read i2c device PCI device ID
1154  |Info:    Registering I2C interface: /dev/i2c-9 Device 0000:0000 Subsystem: 0000:0000
1154  |Warning: [i2c_smbus_linux] Failed to read i2c device PCI device ID
1155  |Info:    Registering I2C interface: /dev/i2c-7 Device 0000:0000 Subsystem: 0000:0000
1155  |Info:    Registering I2C interface: /dev/i2c-5 Device 1002:73BF Subsystem: 1043:04F2
1155  |Info:    Registering I2C interface: /dev/i2c-12 Device 1022:790B Subsystem: 1043:87C0
1155  |Info:    ------------------------------------------------------
1155  |Info:    |               Detecting I2C devices                |
1155  |Info:    ------------------------------------------------------
2499  |Info:    ------------------------------------------------------
2499  |Info:    |               Detecting I2C PCI devices            |
2499  |Info:    ------------------------------------------------------
2668  |Info:    ------------------------------------------------------
2668  |Info:    |               Detecting HID devices                |
2668  |Info:    ------------------------------------------------------
2750  |Info:    [ASUS ROG STRIX B550-F GAMING (WI-FI)] Registering RGB controller
2774  |Info:    [Razer Deathadder V2] Registering RGB controller
2774  |Info:    ------------------------------------------------------
2774  |Info:    |              Detecting other devices               |
2774  |Info:    ------------------------------------------------------
2796  |Info:    [Lian Li Uni Hub] Registering RGB controller
2796  |Info:    ------------------------------------------------------
2796  |Info:    |                Detection completed                 |
2796  |Info:    ------------------------------------------------------
2796  |Info:    Profile loading: Succeeded for ASUS ROG STRIX B550-F GAMING (WI-FI) @ HID: /dev/hidraw6
2796  |Info:    Profile loading: Succeeded for Razer Deathadder V2 @ HID: /dev/hidraw0
2796  |Info:    Profile loading: Succeeded for Lian Li Uni Hub @ USB: 7:1
