    OpenRGB v0.8
    Commit:  from 
    Launched: 20230118_172509
====================================================================================================

219   |Info:    Found file: blue.orp attempting to validate header
219   |Info:    Valid v3 profile found for blue
1220  |Info:    ------------------------------------------------------
1220  |Info:    |               Start device detection               |
1220  |Info:    ------------------------------------------------------
1221  |Info:    Initializing HID interfaces: Success
1223  |Info:    ------------------------------------------------------
1223  |Info:    |             Detecting I2C interfaces               |
1223  |Info:    ------------------------------------------------------
1223  |Info:    Registering I2C interface: /dev/i2c-3 Device 1002:73BF Subsystem: 1043:04F2
1223  |Info:    Registering I2C interface: /dev/i2c-10 Device 1022:790B Subsystem: 1043:87C0
1224  |Info:    Registering I2C interface: /dev/i2c-1 Device 1002:73BF Subsystem: 1043:04F2
1224  |Warning: [i2c_smbus_linux] Failed to read i2c device PCI device ID
1224  |Info:    Registering I2C interface: /dev/i2c-8 Device 0000:0000 Subsystem: 0000:0000
1224  |Info:    Registering I2C interface: /dev/i2c-6 Device 1002:73BF Subsystem: 1043:04F2
1224  |Info:    Registering I2C interface: /dev/i2c-4 Device 1002:73BF Subsystem: 1043:04F2
1224  |Info:    Registering I2C interface: /dev/i2c-11 Device 1022:790B Subsystem: 1043:87C0
1224  |Info:    Registering I2C interface: /dev/i2c-2 Device 1002:73BF Subsystem: 1043:04F2
1224  |Info:    Registering I2C interface: /dev/i2c-0 Device 0000:0000 Subsystem: 0000:0000
1224  |Warning: [i2c_smbus_linux] Failed to read i2c device PCI device ID
1224  |Info:    Registering I2C interface: /dev/i2c-9 Device 0000:0000 Subsystem: 0000:0000
1224  |Warning: [i2c_smbus_linux] Failed to read i2c device PCI device ID
1224  |Info:    Registering I2C interface: /dev/i2c-7 Device 0000:0000 Subsystem: 0000:0000
1224  |Info:    Registering I2C interface: /dev/i2c-5 Device 1002:73BF Subsystem: 1043:04F2
1224  |Info:    Registering I2C interface: /dev/i2c-12 Device 1022:790B Subsystem: 1043:87C0
1224  |Info:    ------------------------------------------------------
1224  |Info:    |               Detecting I2C devices                |
1224  |Info:    ------------------------------------------------------
2295  |Info:    ------------------------------------------------------
2295  |Info:    |               Detecting I2C PCI devices            |
2295  |Info:    ------------------------------------------------------
2458  |Info:    ------------------------------------------------------
2458  |Info:    |               Detecting HID devices                |
2458  |Info:    ------------------------------------------------------
2539  |Info:    [ASUS ROG STRIX B550-F GAMING (WI-FI)] Registering RGB controller
2564  |Info:    [Razer Deathadder V2] Registering RGB controller
2564  |Info:    ------------------------------------------------------
2564  |Info:    |              Detecting other devices               |
2564  |Info:    ------------------------------------------------------
2588  |Info:    [Lian Li Uni Hub] Registering RGB controller
2588  |Info:    ------------------------------------------------------
2588  |Info:    |                Detection completed                 |
2588  |Info:    ------------------------------------------------------
2588  |Info:    Profile loading: Succeeded for ASUS ROG STRIX B550-F GAMING (WI-FI) @ HID: /dev/hidraw8
2588  |Info:    Profile loading: Succeeded for Razer Deathadder V2 @ HID: /dev/hidraw0
2588  |Info:    Profile loading: Succeeded for Lian Li Uni Hub @ USB: 7:1
