    OpenRGB v0.8
    Commit:  from 
    Launched: 20230108_002749
====================================================================================================

0     |Info:    Found file: blue.orp attempting to validate header
82    |Info:    Valid v3 profile found for blue
1083  |Info:    ------------------------------------------------------
1083  |Info:    |               Start device detection               |
1083  |Info:    ------------------------------------------------------
1084  |Info:    Initializing HID interfaces: Success
1086  |Info:    ------------------------------------------------------
1086  |Info:    |             Detecting I2C interfaces               |
1086  |Info:    ------------------------------------------------------
1086  |Info:    Registering I2C interface: /dev/i2c-3 Device 1002:73BF Subsystem: 1043:04F2
1086  |Info:    Registering I2C interface: /dev/i2c-10 Device 1022:790B Subsystem: 1043:87C0
1087  |Info:    Registering I2C interface: /dev/i2c-1 Device 1002:73BF Subsystem: 1043:04F2
1087  |Warning: [i2c_smbus_linux] Failed to read i2c device PCI device ID
1087  |Info:    Registering I2C interface: /dev/i2c-8 Device 0000:0000 Subsystem: 0000:0000
1087  |Info:    Registering I2C interface: /dev/i2c-6 Device 1002:73BF Subsystem: 1043:04F2
1087  |Info:    Registering I2C interface: /dev/i2c-4 Device 1002:73BF Subsystem: 1043:04F2
1087  |Info:    Registering I2C interface: /dev/i2c-11 Device 1022:790B Subsystem: 1043:87C0
1087  |Info:    Registering I2C interface: /dev/i2c-2 Device 1002:73BF Subsystem: 1043:04F2
1087  |Info:    Registering I2C interface: /dev/i2c-0 Device 0000:0000 Subsystem: 0000:0000
1087  |Warning: [i2c_smbus_linux] Failed to read i2c device PCI device ID
1087  |Info:    Registering I2C interface: /dev/i2c-9 Device 0000:0000 Subsystem: 0000:0000
1087  |Warning: [i2c_smbus_linux] Failed to read i2c device PCI device ID
1087  |Info:    Registering I2C interface: /dev/i2c-7 Device 0000:0000 Subsystem: 0000:0000
1087  |Info:    Registering I2C interface: /dev/i2c-5 Device 1002:73BF Subsystem: 1043:04F2
1087  |Info:    Registering I2C interface: /dev/i2c-12 Device 1022:790B Subsystem: 1043:87C0
1087  |Info:    ------------------------------------------------------
1087  |Info:    |               Detecting I2C devices                |
1087  |Info:    ------------------------------------------------------
2174  |Info:    ------------------------------------------------------
2174  |Info:    |               Detecting I2C PCI devices            |
2174  |Info:    ------------------------------------------------------
2339  |Info:    ------------------------------------------------------
2339  |Info:    |               Detecting HID devices                |
2339  |Info:    ------------------------------------------------------
2418  |Info:    [ASUS ROG STRIX B550-F GAMING (WI-FI)] Registering RGB controller
2442  |Info:    [Razer Deathadder V2] Registering RGB controller
2442  |Info:    ------------------------------------------------------
2442  |Info:    |              Detecting other devices               |
2442  |Info:    ------------------------------------------------------
2464  |Info:    [Lian Li Uni Hub] Registering RGB controller
2464  |Info:    ------------------------------------------------------
2464  |Info:    |                Detection completed                 |
2464  |Info:    ------------------------------------------------------
2464  |Info:    Profile loading: Succeeded for ASUS ROG STRIX B550-F GAMING (WI-FI) @ HID: /dev/hidraw7
2464  |Info:    Profile loading: Succeeded for Razer Deathadder V2 @ HID: /dev/hidraw0
2464  |Info:    Profile loading: Succeeded for Lian Li Uni Hub @ USB: 7:1
