    OpenRGB v0.8
    Commit:  from 
    Launched: 20230121_162852
====================================================================================================

65    |Info:    Found file: blue.orp attempting to validate header
65    |Info:    Valid v3 profile found for blue
1066  |Info:    ------------------------------------------------------
1066  |Info:    |               Start device detection               |
1066  |Info:    ------------------------------------------------------
1066  |Info:    Initializing HID interfaces: Success
1069  |Info:    ------------------------------------------------------
1069  |Info:    |             Detecting I2C interfaces               |
1069  |Info:    ------------------------------------------------------
1069  |Info:    Registering I2C interface: /dev/i2c-3 Device 1002:73BF Subsystem: 1043:04F2
1069  |Info:    Registering I2C interface: /dev/i2c-10 Device 1022:790B Subsystem: 1043:87C0
1069  |Info:    Registering I2C interface: /dev/i2c-1 Device 1002:73BF Subsystem: 1043:04F2
1069  |Warning: [i2c_smbus_linux] Failed to read i2c device PCI device ID
1070  |Info:    Registering I2C interface: /dev/i2c-8 Device 0000:0000 Subsystem: 0000:0000
1070  |Info:    Registering I2C interface: /dev/i2c-6 Device 1002:73BF Subsystem: 1043:04F2
1070  |Info:    Registering I2C interface: /dev/i2c-4 Device 1002:73BF Subsystem: 1043:04F2
1070  |Info:    Registering I2C interface: /dev/i2c-11 Device 1022:790B Subsystem: 1043:87C0
1070  |Info:    Registering I2C interface: /dev/i2c-2 Device 1002:73BF Subsystem: 1043:04F2
1070  |Info:    Registering I2C interface: /dev/i2c-0 Device 0000:0000 Subsystem: 0000:0000
1070  |Warning: [i2c_smbus_linux] Failed to read i2c device PCI device ID
1070  |Info:    Registering I2C interface: /dev/i2c-9 Device 0000:0000 Subsystem: 0000:0000
1070  |Warning: [i2c_smbus_linux] Failed to read i2c device PCI device ID
1070  |Info:    Registering I2C interface: /dev/i2c-7 Device 0000:0000 Subsystem: 0000:0000
1070  |Info:    Registering I2C interface: /dev/i2c-5 Device 1002:73BF Subsystem: 1043:04F2
1070  |Info:    Registering I2C interface: /dev/i2c-12 Device 1022:790B Subsystem: 1043:87C0
1070  |Info:    ------------------------------------------------------
1070  |Info:    |               Detecting I2C devices                |
1070  |Info:    ------------------------------------------------------
2124  |Info:    ------------------------------------------------------
2124  |Info:    |               Detecting I2C PCI devices            |
2124  |Info:    ------------------------------------------------------
2287  |Info:    ------------------------------------------------------
2287  |Info:    |               Detecting HID devices                |
2287  |Info:    ------------------------------------------------------
2364  |Info:    [ASUS ROG STRIX B550-F GAMING (WI-FI)] Registering RGB controller
2388  |Info:    [Razer Deathadder V2] Registering RGB controller
2388  |Info:    ------------------------------------------------------
2388  |Info:    |              Detecting other devices               |
2388  |Info:    ------------------------------------------------------
2411  |Info:    [Lian Li Uni Hub] Registering RGB controller
2412  |Info:    ------------------------------------------------------
2412  |Info:    |                Detection completed                 |
2412  |Info:    ------------------------------------------------------
2412  |Info:    Profile loading: Succeeded for ASUS ROG STRIX B550-F GAMING (WI-FI) @ HID: /dev/hidraw8
2412  |Info:    Profile loading: Succeeded for Razer Deathadder V2 @ HID: /dev/hidraw0
2412  |Info:    Profile loading: Succeeded for Lian Li Uni Hub @ USB: 7:1
