    OpenRGB v0.8
    Commit:  from 
    Launched: 20230125_180804
====================================================================================================

158   |Info:    Found file: blue.orp attempting to validate header
158   |Info:    Valid v3 profile found for blue
1159  |Info:    ------------------------------------------------------
1159  |Info:    |               Start device detection               |
1159  |Info:    ------------------------------------------------------
1159  |Info:    Initializing HID interfaces: Success
1162  |Info:    ------------------------------------------------------
1162  |Info:    |             Detecting I2C interfaces               |
1162  |Info:    ------------------------------------------------------
1162  |Info:    Registering I2C interface: /dev/i2c-3 Device 1002:73BF Subsystem: 1043:04F2
1162  |Info:    Registering I2C interface: /dev/i2c-10 Device 1022:790B Subsystem: 1043:87C0
1162  |Info:    Registering I2C interface: /dev/i2c-1 Device 1002:73BF Subsystem: 1043:04F2
1162  |Warning: [i2c_smbus_linux] Failed to read i2c device PCI device ID
1163  |Info:    Registering I2C interface: /dev/i2c-8 Device 0000:0000 Subsystem: 0000:0000
1163  |Info:    Registering I2C interface: /dev/i2c-6 Device 1002:73BF Subsystem: 1043:04F2
1163  |Info:    Registering I2C interface: /dev/i2c-4 Device 1002:73BF Subsystem: 1043:04F2
1163  |Info:    Registering I2C interface: /dev/i2c-11 Device 1022:790B Subsystem: 1043:87C0
1163  |Info:    Registering I2C interface: /dev/i2c-2 Device 1002:73BF Subsystem: 1043:04F2
1163  |Info:    Registering I2C interface: /dev/i2c-0 Device 0000:0000 Subsystem: 0000:0000
1163  |Warning: [i2c_smbus_linux] Failed to read i2c device PCI device ID
1163  |Info:    Registering I2C interface: /dev/i2c-9 Device 0000:0000 Subsystem: 0000:0000
1163  |Warning: [i2c_smbus_linux] Failed to read i2c device PCI device ID
1163  |Info:    Registering I2C interface: /dev/i2c-7 Device 0000:0000 Subsystem: 0000:0000
1163  |Info:    Registering I2C interface: /dev/i2c-5 Device 1002:73BF Subsystem: 1043:04F2
1163  |Info:    Registering I2C interface: /dev/i2c-12 Device 1022:790B Subsystem: 1043:87C0
1163  |Info:    ------------------------------------------------------
1163  |Info:    |               Detecting I2C devices                |
1163  |Info:    ------------------------------------------------------
2213  |Info:    ------------------------------------------------------
2213  |Info:    |               Detecting I2C PCI devices            |
2213  |Info:    ------------------------------------------------------
2377  |Info:    ------------------------------------------------------
2377  |Info:    |               Detecting HID devices                |
2377  |Info:    ------------------------------------------------------
2455  |Info:    [ASUS ROG STRIX B550-F GAMING (WI-FI)] Registering RGB controller
2486  |Info:    [Razer Deathadder V2] Registering RGB controller
2486  |Info:    ------------------------------------------------------
2486  |Info:    |              Detecting other devices               |
2486  |Info:    ------------------------------------------------------
2509  |Info:    [Lian Li Uni Hub] Registering RGB controller
2510  |Info:    ------------------------------------------------------
2510  |Info:    |                Detection completed                 |
2510  |Info:    ------------------------------------------------------
2510  |Info:    Profile loading: Succeeded for ASUS ROG STRIX B550-F GAMING (WI-FI) @ HID: /dev/hidraw8
2510  |Info:    Profile loading: Succeeded for Razer Deathadder V2 @ HID: /dev/hidraw0
2510  |Info:    Profile loading: Succeeded for Lian Li Uni Hub @ USB: 7:1
