    OpenRGB v0.8
    Commit:  from 
    Launched: 20221231_001528
====================================================================================================

0     |Info:    Found file: blue.orp attempting to validate header
0     |Info:    Valid v3 profile found for blue
1001  |Info:    ------------------------------------------------------
1001  |Info:    |               Start device detection               |
1001  |Info:    ------------------------------------------------------
1001  |Info:    Initializing HID interfaces: Success
1004  |Info:    ------------------------------------------------------
1004  |Info:    |             Detecting I2C interfaces               |
1004  |Info:    ------------------------------------------------------
1004  |Info:    Registering I2C interface: /dev/i2c-3 Device 1002:73BF Subsystem: 1043:04F2
1004  |Info:    Registering I2C interface: /dev/i2c-10 Device 1022:790B Subsystem: 1043:87C0
1004  |Info:    Registering I2C interface: /dev/i2c-1 Device 1002:73BF Subsystem: 1043:04F2
1004  |Warning: [i2c_smbus_linux] Failed to read i2c device PCI device ID
1004  |Info:    Registering I2C interface: /dev/i2c-8 Device 0000:0000 Subsystem: 0000:0000
1005  |Info:    Registering I2C interface: /dev/i2c-6 Device 1002:73BF Subsystem: 1043:04F2
1005  |Info:    Registering I2C interface: /dev/i2c-4 Device 1002:73BF Subsystem: 1043:04F2
1005  |Info:    Registering I2C interface: /dev/i2c-11 Device 1022:790B Subsystem: 1043:87C0
1005  |Info:    Registering I2C interface: /dev/i2c-2 Device 1002:73BF Subsystem: 1043:04F2
1005  |Info:    Registering I2C interface: /dev/i2c-0 Device 0000:0000 Subsystem: 0000:0000
1005  |Warning: [i2c_smbus_linux] Failed to read i2c device PCI device ID
1005  |Info:    Registering I2C interface: /dev/i2c-9 Device 0000:0000 Subsystem: 0000:0000
1005  |Warning: [i2c_smbus_linux] Failed to read i2c device PCI device ID
1005  |Info:    Registering I2C interface: /dev/i2c-7 Device 0000:0000 Subsystem: 0000:0000
1005  |Info:    Registering I2C interface: /dev/i2c-5 Device 1002:73BF Subsystem: 1043:04F2
1005  |Info:    Registering I2C interface: /dev/i2c-12 Device 1022:790B Subsystem: 1043:87C0
1005  |Info:    ------------------------------------------------------
1005  |Info:    |               Detecting I2C devices                |
1005  |Info:    ------------------------------------------------------
2319  |Info:    ------------------------------------------------------
2319  |Info:    |               Detecting I2C PCI devices            |
2319  |Info:    ------------------------------------------------------
2476  |Info:    ------------------------------------------------------
2476  |Info:    |               Detecting HID devices                |
2476  |Info:    ------------------------------------------------------
2553  |Info:    [ASUS ROG STRIX B550-F GAMING (WI-FI)] Registering RGB controller
2578  |Info:    [Razer Deathadder V2] Registering RGB controller
2578  |Info:    ------------------------------------------------------
2578  |Info:    |              Detecting other devices               |
2578  |Info:    ------------------------------------------------------
2599  |Info:    [Lian Li Uni Hub] Registering RGB controller
2599  |Info:    ------------------------------------------------------
2599  |Info:    |                Detection completed                 |
2599  |Info:    ------------------------------------------------------
2599  |Info:    Profile loading: Succeeded for ASUS ROG STRIX B550-F GAMING (WI-FI) @ HID: /dev/hidraw6
2599  |Info:    Profile loading: Succeeded for Razer Deathadder V2 @ HID: /dev/hidraw0
2599  |Info:    Profile loading: Succeeded for Lian Li Uni Hub @ USB: 7:1
3356508|Info:    Profile loading: Succeeded for ASUS ROG STRIX B550-F GAMING (WI-FI) @ HID: /dev/hidraw6
3356514|Info:    Profile loading: Succeeded for Razer Deathadder V2 @ HID: /dev/hidraw0
3356514|Info:    Profile loading: Succeeded for Lian Li Uni Hub @ USB: 7:1
3442564|Info:    Found file: blue.orp attempting to validate header
3442564|Info:    Valid v3 profile found for blue
3444283|Info:    Profile loading: Succeeded for ASUS ROG STRIX B550-F GAMING (WI-FI) @ HID: /dev/hidraw6
3444283|Info:    Profile loading: Succeeded for Razer Deathadder V2 @ HID: /dev/hidraw0
3444283|Info:    Profile loading: Succeeded for Lian Li Uni Hub @ USB: 7:1
3711563|Info:    Found file: blue.orp attempting to validate header
3711563|Info:    Valid v3 profile found for blue
3791889|Info:    Found file: blue.orp attempting to validate header
3791889|Info:    Valid v3 profile found for blue
