    OpenRGB v0.8
    Commit:  from 
    Launched: 20230119_181617
====================================================================================================

53    |Info:    Found file: blue.orp attempting to validate header
53    |Info:    Valid v3 profile found for blue
1054  |Info:    ------------------------------------------------------
1054  |Info:    |               Start device detection               |
1054  |Info:    ------------------------------------------------------
1054  |Info:    Initializing HID interfaces: Success
1057  |Info:    ------------------------------------------------------
1057  |Info:    |             Detecting I2C interfaces               |
1057  |Info:    ------------------------------------------------------
1057  |Info:    Registering I2C interface: /dev/i2c-3 Device 1002:73BF Subsystem: 1043:04F2
1057  |Info:    Registering I2C interface: /dev/i2c-10 Device 1022:790B Subsystem: 1043:87C0
1057  |Info:    Registering I2C interface: /dev/i2c-1 Device 1002:73BF Subsystem: 1043:04F2
1057  |Warning: [i2c_smbus_linux] Failed to read i2c device PCI device ID
1057  |Info:    Registering I2C interface: /dev/i2c-8 Device 0000:0000 Subsystem: 0000:0000
1057  |Info:    Registering I2C interface: /dev/i2c-6 Device 1002:73BF Subsystem: 1043:04F2
1058  |Info:    Registering I2C interface: /dev/i2c-4 Device 1002:73BF Subsystem: 1043:04F2
1058  |Info:    Registering I2C interface: /dev/i2c-11 Device 1022:790B Subsystem: 1043:87C0
1058  |Info:    Registering I2C interface: /dev/i2c-2 Device 1002:73BF Subsystem: 1043:04F2
1058  |Info:    Registering I2C interface: /dev/i2c-0 Device 0000:0000 Subsystem: 0000:0000
1058  |Warning: [i2c_smbus_linux] Failed to read i2c device PCI device ID
1058  |Info:    Registering I2C interface: /dev/i2c-9 Device 0000:0000 Subsystem: 0000:0000
1058  |Warning: [i2c_smbus_linux] Failed to read i2c device PCI device ID
1058  |Info:    Registering I2C interface: /dev/i2c-7 Device 0000:0000 Subsystem: 0000:0000
1058  |Info:    Registering I2C interface: /dev/i2c-5 Device 1002:73BF Subsystem: 1043:04F2
1058  |Info:    Registering I2C interface: /dev/i2c-12 Device 1022:790B Subsystem: 1043:87C0
1058  |Info:    ------------------------------------------------------
1058  |Info:    |               Detecting I2C devices                |
1058  |Info:    ------------------------------------------------------
2139  |Info:    ------------------------------------------------------
2139  |Info:    |               Detecting I2C PCI devices            |
2139  |Info:    ------------------------------------------------------
2308  |Info:    ------------------------------------------------------
2308  |Info:    |               Detecting HID devices                |
2308  |Info:    ------------------------------------------------------
2386  |Info:    [ASUS ROG STRIX B550-F GAMING (WI-FI)] Registering RGB controller
2411  |Info:    [Razer Deathadder V2] Registering RGB controller
2411  |Info:    ------------------------------------------------------
2411  |Info:    |              Detecting other devices               |
2411  |Info:    ------------------------------------------------------
2435  |Info:    [Lian Li Uni Hub] Registering RGB controller
2435  |Info:    ------------------------------------------------------
2435  |Info:    |                Detection completed                 |
2435  |Info:    ------------------------------------------------------
2435  |Info:    Profile loading: Succeeded for ASUS ROG STRIX B550-F GAMING (WI-FI) @ HID: /dev/hidraw8
2435  |Info:    Profile loading: Succeeded for Razer Deathadder V2 @ HID: /dev/hidraw0
2435  |Info:    Profile loading: Succeeded for Lian Li Uni Hub @ USB: 7:1
