    OpenRGB v0.8
    Commit:  from 
    Launched: 20230118_173018
====================================================================================================

115   |Info:    Found file: blue.orp attempting to validate header
115   |Info:    Valid v3 profile found for blue
1117  |Info:    ------------------------------------------------------
1117  |Info:    |               Start device detection               |
1117  |Info:    ------------------------------------------------------
1117  |Info:    Initializing HID interfaces: Success
1120  |Info:    ------------------------------------------------------
1120  |Info:    |             Detecting I2C interfaces               |
1120  |Info:    ------------------------------------------------------
1120  |Info:    Registering I2C interface: /dev/i2c-3 Device 1002:73BF Subsystem: 1043:04F2
1120  |Info:    Registering I2C interface: /dev/i2c-10 Device 1022:790B Subsystem: 1043:87C0
1120  |Info:    Registering I2C interface: /dev/i2c-1 Device 1002:73BF Subsystem: 1043:04F2
1120  |Warning: [i2c_smbus_linux] Failed to read i2c device PCI device ID
1120  |Info:    Registering I2C interface: /dev/i2c-8 Device 0000:0000 Subsystem: 0000:0000
1120  |Info:    Registering I2C interface: /dev/i2c-6 Device 1002:73BF Subsystem: 1043:04F2
1120  |Info:    Registering I2C interface: /dev/i2c-4 Device 1002:73BF Subsystem: 1043:04F2
1120  |Info:    Registering I2C interface: /dev/i2c-11 Device 1022:790B Subsystem: 1043:87C0
1120  |Info:    Registering I2C interface: /dev/i2c-2 Device 1002:73BF Subsystem: 1043:04F2
1120  |Info:    Registering I2C interface: /dev/i2c-0 Device 0000:0000 Subsystem: 0000:0000
1120  |Warning: [i2c_smbus_linux] Failed to read i2c device PCI device ID
1120  |Info:    Registering I2C interface: /dev/i2c-9 Device 0000:0000 Subsystem: 0000:0000
1120  |Warning: [i2c_smbus_linux] Failed to read i2c device PCI device ID
1120  |Info:    Registering I2C interface: /dev/i2c-7 Device 0000:0000 Subsystem: 0000:0000
1120  |Info:    Registering I2C interface: /dev/i2c-5 Device 1002:73BF Subsystem: 1043:04F2
1120  |Info:    Registering I2C interface: /dev/i2c-12 Device 1022:790B Subsystem: 1043:87C0
1120  |Info:    ------------------------------------------------------
1120  |Info:    |               Detecting I2C devices                |
1120  |Info:    ------------------------------------------------------
2205  |Info:    ------------------------------------------------------
2205  |Info:    |               Detecting I2C PCI devices            |
2205  |Info:    ------------------------------------------------------
2368  |Info:    ------------------------------------------------------
2368  |Info:    |               Detecting HID devices                |
2368  |Info:    ------------------------------------------------------
2449  |Info:    [ASUS ROG STRIX B550-F GAMING (WI-FI)] Registering RGB controller
2472  |Info:    [Razer Deathadder V2] Registering RGB controller
2472  |Info:    ------------------------------------------------------
2472  |Info:    |              Detecting other devices               |
2472  |Info:    ------------------------------------------------------
2494  |Info:    [Lian Li Uni Hub] Registering RGB controller
2494  |Info:    ------------------------------------------------------
2494  |Info:    |                Detection completed                 |
2494  |Info:    ------------------------------------------------------
2494  |Info:    Profile loading: Succeeded for ASUS ROG STRIX B550-F GAMING (WI-FI) @ HID: /dev/hidraw8
2494  |Info:    Profile loading: Succeeded for Razer Deathadder V2 @ HID: /dev/hidraw0
2494  |Info:    Profile loading: Succeeded for Lian Li Uni Hub @ USB: 7:1
