    OpenRGB v0.8
    Commit:  from 
    Launched: 20230106_123733
====================================================================================================

15    |Info:    Found file: blue.orp attempting to validate header
15    |Info:    Valid v3 profile found for blue
1016  |Info:    ------------------------------------------------------
1016  |Info:    |               Start device detection               |
1016  |Info:    ------------------------------------------------------
1016  |Info:    Initializing HID interfaces: Success
1019  |Info:    ------------------------------------------------------
1019  |Info:    |             Detecting I2C interfaces               |
1019  |Info:    ------------------------------------------------------
1019  |Info:    Registering I2C interface: /dev/i2c-3 Device 1002:73BF Subsystem: 1043:04F2
1019  |Info:    Registering I2C interface: /dev/i2c-10 Device 1022:790B Subsystem: 1043:87C0
1019  |Info:    Registering I2C interface: /dev/i2c-1 Device 1002:73BF Subsystem: 1043:04F2
1019  |Warning: [i2c_smbus_linux] Failed to read i2c device PCI device ID
1019  |Info:    Registering I2C interface: /dev/i2c-8 Device 0000:0000 Subsystem: 0000:0000
1019  |Info:    Registering I2C interface: /dev/i2c-6 Device 1002:73BF Subsystem: 1043:04F2
1019  |Info:    Registering I2C interface: /dev/i2c-4 Device 1002:73BF Subsystem: 1043:04F2
1019  |Info:    Registering I2C interface: /dev/i2c-11 Device 1022:790B Subsystem: 1043:87C0
1019  |Info:    Registering I2C interface: /dev/i2c-2 Device 1002:73BF Subsystem: 1043:04F2
1019  |Info:    Registering I2C interface: /dev/i2c-0 Device 0000:0000 Subsystem: 0000:0000
1019  |Warning: [i2c_smbus_linux] Failed to read i2c device PCI device ID
1019  |Info:    Registering I2C interface: /dev/i2c-9 Device 0000:0000 Subsystem: 0000:0000
1019  |Warning: [i2c_smbus_linux] Failed to read i2c device PCI device ID
1019  |Info:    Registering I2C interface: /dev/i2c-7 Device 0000:0000 Subsystem: 0000:0000
1019  |Info:    Registering I2C interface: /dev/i2c-5 Device 1002:73BF Subsystem: 1043:04F2
1019  |Info:    Registering I2C interface: /dev/i2c-12 Device 1022:790B Subsystem: 1043:87C0
1019  |Info:    ------------------------------------------------------
1019  |Info:    |               Detecting I2C devices                |
1019  |Info:    ------------------------------------------------------
2372  |Info:    ------------------------------------------------------
2372  |Info:    |               Detecting I2C PCI devices            |
2372  |Info:    ------------------------------------------------------
2537  |Info:    ------------------------------------------------------
2537  |Info:    |               Detecting HID devices                |
2537  |Info:    ------------------------------------------------------
2613  |Info:    [ASUS ROG STRIX B550-F GAMING (WI-FI)] Registering RGB controller
2637  |Info:    [Razer Deathadder V2] Registering RGB controller
2637  |Info:    ------------------------------------------------------
2637  |Info:    |              Detecting other devices               |
2637  |Info:    ------------------------------------------------------
2659  |Info:    [Lian Li Uni Hub] Registering RGB controller
2660  |Info:    ------------------------------------------------------
2660  |Info:    |                Detection completed                 |
2660  |Info:    ------------------------------------------------------
2660  |Info:    Profile loading: Succeeded for ASUS ROG STRIX B550-F GAMING (WI-FI) @ HID: /dev/hidraw6
2660  |Info:    Profile loading: Succeeded for Razer Deathadder V2 @ HID: /dev/hidraw0
2660  |Info:    Profile loading: Succeeded for Lian Li Uni Hub @ USB: 7:1
