    OpenRGB v0.8
    Commit:  from 
    Launched: 20230314_183241
====================================================================================================

0     |Info:    Found file: blue.orp attempting to validate header
0     |Info:    Valid v3 profile found for blue
1006  |Info:    ------------------------------------------------------
1006  |Info:    |               Start device detection               |
1006  |Info:    ------------------------------------------------------
1006  |Info:    Initializing HID interfaces: Success
1010  |Info:    ------------------------------------------------------
1010  |Info:    |             Detecting I2C interfaces               |
1010  |Info:    ------------------------------------------------------
1010  |Info:    Registering I2C interface: /dev/i2c-3 Device 1002:73BF Subsystem: 1043:04F2
1010  |Info:    Registering I2C interface: /dev/i2c-10 Device 1022:790B Subsystem: 1043:87C0
1010  |Info:    Registering I2C interface: /dev/i2c-1 Device 1002:73BF Subsystem: 1043:04F2
1010  |Warning: [i2c_smbus_linux] Failed to read i2c device PCI device ID
1010  |Info:    Registering I2C interface: /dev/i2c-8 Device 0000:0000 Subsystem: 0000:0000
1010  |Info:    Registering I2C interface: /dev/i2c-6 Device 1002:73BF Subsystem: 1043:04F2
1011  |Info:    Registering I2C interface: /dev/i2c-4 Device 1002:73BF Subsystem: 1043:04F2
1011  |Info:    Registering I2C interface: /dev/i2c-11 Device 1022:790B Subsystem: 1043:87C0
1011  |Info:    Registering I2C interface: /dev/i2c-2 Device 1002:73BF Subsystem: 1043:04F2
1011  |Info:    Registering I2C interface: /dev/i2c-0 Device 0000:0000 Subsystem: 0000:0000
1011  |Warning: [i2c_smbus_linux] Failed to read i2c device PCI device ID
1011  |Info:    Registering I2C interface: /dev/i2c-9 Device 0000:0000 Subsystem: 0000:0000
1011  |Warning: [i2c_smbus_linux] Failed to read i2c device PCI device ID
1011  |Info:    Registering I2C interface: /dev/i2c-7 Device 0000:0000 Subsystem: 0000:0000
1011  |Info:    Registering I2C interface: /dev/i2c-5 Device 1002:73BF Subsystem: 1043:04F2
1011  |Info:    Registering I2C interface: /dev/i2c-12 Device 1022:790B Subsystem: 1043:87C0
1011  |Info:    ------------------------------------------------------
1011  |Info:    |               Detecting I2C devices                |
1011  |Info:    ------------------------------------------------------
2090  |Info:    ------------------------------------------------------
2090  |Info:    |               Detecting I2C PCI devices            |
2090  |Info:    ------------------------------------------------------
2248  |Info:    ------------------------------------------------------
2248  |Info:    |               Detecting HID devices                |
2248  |Info:    ------------------------------------------------------
2268  |Info:    [Sony DualShock 4] Registering RGB controller
2343  |Info:    [ASUS ROG STRIX B550-F GAMING (WI-FI)] Registering RGB controller
2368  |Info:    [Razer Deathadder V2] Registering RGB controller
2368  |Info:    ------------------------------------------------------
2368  |Info:    |              Detecting other devices               |
2368  |Info:    ------------------------------------------------------
2389  |Info:    [Lian Li Uni Hub] Registering RGB controller
2390  |Info:    ------------------------------------------------------
2390  |Info:    |                Detection completed                 |
2390  |Info:    ------------------------------------------------------
2390  |Info:    Profile loading: FAILED! for Sony DualShock 4 @ HID: /dev/hidraw7
2390  |Info:    Profile loading: Succeeded for ASUS ROG STRIX B550-F GAMING (WI-FI) @ HID: /dev/hidraw8
2390  |Info:    Profile loading: Succeeded for Razer Deathadder V2 @ HID: /dev/hidraw0
2390  |Info:    Profile loading: Succeeded for Lian Li Uni Hub @ USB: 7:1
