    OpenRGB v0.8
    Commit:  from 
    Launched: 20230114_155238
====================================================================================================

45    |Info:    Found file: blue.orp attempting to validate header
45    |Info:    Valid v3 profile found for blue
1047  |Info:    ------------------------------------------------------
1047  |Info:    |               Start device detection               |
1047  |Info:    ------------------------------------------------------
1047  |Info:    Initializing HID interfaces: Success
1050  |Info:    ------------------------------------------------------
1050  |Info:    |             Detecting I2C interfaces               |
1050  |Info:    ------------------------------------------------------
1050  |Info:    Registering I2C interface: /dev/i2c-3 Device 1002:73BF Subsystem: 1043:04F2
1050  |Info:    Registering I2C interface: /dev/i2c-10 Device 1022:790B Subsystem: 1043:87C0
1050  |Info:    Registering I2C interface: /dev/i2c-1 Device 1002:73BF Subsystem: 1043:04F2
1050  |Warning: [i2c_smbus_linux] Failed to read i2c device PCI device ID
1050  |Info:    Registering I2C interface: /dev/i2c-8 Device 0000:0000 Subsystem: 0000:0000
1050  |Info:    Registering I2C interface: /dev/i2c-6 Device 1002:73BF Subsystem: 1043:04F2
1050  |Info:    Registering I2C interface: /dev/i2c-4 Device 1002:73BF Subsystem: 1043:04F2
1050  |Info:    Registering I2C interface: /dev/i2c-11 Device 1022:790B Subsystem: 1043:87C0
1050  |Info:    Registering I2C interface: /dev/i2c-2 Device 1002:73BF Subsystem: 1043:04F2
1050  |Info:    Registering I2C interface: /dev/i2c-0 Device 0000:0000 Subsystem: 0000:0000
1050  |Warning: [i2c_smbus_linux] Failed to read i2c device PCI device ID
1051  |Info:    Registering I2C interface: /dev/i2c-9 Device 0000:0000 Subsystem: 0000:0000
1051  |Warning: [i2c_smbus_linux] Failed to read i2c device PCI device ID
1051  |Info:    Registering I2C interface: /dev/i2c-7 Device 0000:0000 Subsystem: 0000:0000
1051  |Info:    Registering I2C interface: /dev/i2c-5 Device 1002:73BF Subsystem: 1043:04F2
1051  |Info:    Registering I2C interface: /dev/i2c-12 Device 1022:790B Subsystem: 1043:87C0
1051  |Info:    ------------------------------------------------------
1051  |Info:    |               Detecting I2C devices                |
1051  |Info:    ------------------------------------------------------
2124  |Info:    ------------------------------------------------------
2124  |Info:    |               Detecting I2C PCI devices            |
2124  |Info:    ------------------------------------------------------
2283  |Info:    ------------------------------------------------------
2283  |Info:    |               Detecting HID devices                |
2283  |Info:    ------------------------------------------------------
2302  |Info:    [Sony DualShock 4] Registering RGB controller
2377  |Info:    [ASUS ROG STRIX B550-F GAMING (WI-FI)] Registering RGB controller
2401  |Info:    [Razer Deathadder V2] Registering RGB controller
2401  |Info:    ------------------------------------------------------
2401  |Info:    |              Detecting other devices               |
2401  |Info:    ------------------------------------------------------
2425  |Info:    [Lian Li Uni Hub] Registering RGB controller
2426  |Info:    ------------------------------------------------------
2426  |Info:    |                Detection completed                 |
2426  |Info:    ------------------------------------------------------
2426  |Info:    Profile loading: FAILED! for Sony DualShock 4 @ HID: /dev/hidraw10
2426  |Info:    Profile loading: Succeeded for ASUS ROG STRIX B550-F GAMING (WI-FI) @ HID: /dev/hidraw7
2426  |Info:    Profile loading: Succeeded for Razer Deathadder V2 @ HID: /dev/hidraw0
2426  |Info:    Profile loading: Succeeded for Lian Li Uni Hub @ USB: 7:1
