    OpenRGB v0.8
    Commit:  from 
    Launched: 20230117_191623
====================================================================================================

37    |Info:    Found file: blue.orp attempting to validate header
37    |Info:    Valid v3 profile found for blue
1038  |Info:    ------------------------------------------------------
1038  |Info:    |               Start device detection               |
1038  |Info:    ------------------------------------------------------
1038  |Info:    Initializing HID interfaces: Success
1041  |Info:    ------------------------------------------------------
1041  |Info:    |             Detecting I2C interfaces               |
1041  |Info:    ------------------------------------------------------
1041  |Info:    Registering I2C interface: /dev/i2c-3 Device 1002:73BF Subsystem: 1043:04F2
1041  |Info:    Registering I2C interface: /dev/i2c-10 Device 1022:790B Subsystem: 1043:87C0
1041  |Info:    Registering I2C interface: /dev/i2c-1 Device 1002:73BF Subsystem: 1043:04F2
1041  |Warning: [i2c_smbus_linux] Failed to read i2c device PCI device ID
1041  |Info:    Registering I2C interface: /dev/i2c-8 Device 0000:0000 Subsystem: 0000:0000
1041  |Info:    Registering I2C interface: /dev/i2c-6 Device 1002:73BF Subsystem: 1043:04F2
1041  |Info:    Registering I2C interface: /dev/i2c-4 Device 1002:73BF Subsystem: 1043:04F2
1041  |Info:    Registering I2C interface: /dev/i2c-11 Device 1022:790B Subsystem: 1043:87C0
1041  |Info:    Registering I2C interface: /dev/i2c-2 Device 1002:73BF Subsystem: 1043:04F2
1041  |Info:    Registering I2C interface: /dev/i2c-0 Device 0000:0000 Subsystem: 0000:0000
1041  |Warning: [i2c_smbus_linux] Failed to read i2c device PCI device ID
1041  |Info:    Registering I2C interface: /dev/i2c-9 Device 0000:0000 Subsystem: 0000:0000
1041  |Warning: [i2c_smbus_linux] Failed to read i2c device PCI device ID
1041  |Info:    Registering I2C interface: /dev/i2c-7 Device 0000:0000 Subsystem: 0000:0000
1042  |Info:    Registering I2C interface: /dev/i2c-5 Device 1002:73BF Subsystem: 1043:04F2
1042  |Info:    Registering I2C interface: /dev/i2c-12 Device 1022:790B Subsystem: 1043:87C0
1042  |Info:    ------------------------------------------------------
1042  |Info:    |               Detecting I2C devices                |
1042  |Info:    ------------------------------------------------------
2091  |Info:    ------------------------------------------------------
2091  |Info:    |               Detecting I2C PCI devices            |
2091  |Info:    ------------------------------------------------------
2259  |Info:    ------------------------------------------------------
2259  |Info:    |               Detecting HID devices                |
2259  |Info:    ------------------------------------------------------
2337  |Info:    [ASUS ROG STRIX B550-F GAMING (WI-FI)] Registering RGB controller
2361  |Info:    [Razer Deathadder V2] Registering RGB controller
2361  |Info:    ------------------------------------------------------
2361  |Info:    |              Detecting other devices               |
2361  |Info:    ------------------------------------------------------
2384  |Info:    [Lian Li Uni Hub] Registering RGB controller
2384  |Info:    ------------------------------------------------------
2384  |Info:    |                Detection completed                 |
2384  |Info:    ------------------------------------------------------
2384  |Info:    Profile loading: Succeeded for ASUS ROG STRIX B550-F GAMING (WI-FI) @ HID: /dev/hidraw8
2384  |Info:    Profile loading: Succeeded for Razer Deathadder V2 @ HID: /dev/hidraw0
2384  |Info:    Profile loading: Succeeded for Lian Li Uni Hub @ USB: 7:1
