    OpenRGB v0.8
    Commit:  from 
    Launched: 20221231_000642
====================================================================================================

32    |Info:    Found file: blue.orp attempting to validate header
32    |Info:    Valid v3 profile found for blue
1034  |Info:    ------------------------------------------------------
1034  |Info:    |               Start device detection               |
1034  |Info:    ------------------------------------------------------
1034  |Info:    Initializing HID interfaces: Success
1037  |Info:    ------------------------------------------------------
1037  |Info:    |             Detecting I2C interfaces               |
1037  |Info:    ------------------------------------------------------
1037  |Info:    Registering I2C interface: /dev/i2c-3 Device 1002:73BF Subsystem: 1043:04F2
1037  |Info:    Registering I2C interface: /dev/i2c-10 Device 1022:790B Subsystem: 1043:87C0
1037  |Info:    Registering I2C interface: /dev/i2c-1 Device 1002:73BF Subsystem: 1043:04F2
1037  |Warning: [i2c_smbus_linux] Failed to read i2c device PCI device ID
1037  |Info:    Registering I2C interface: /dev/i2c-8 Device 0000:0000 Subsystem: 0000:0000
1037  |Info:    Registering I2C interface: /dev/i2c-6 Device 1002:73BF Subsystem: 1043:04F2
1037  |Info:    Registering I2C interface: /dev/i2c-4 Device 1002:73BF Subsystem: 1043:04F2
1037  |Info:    Registering I2C interface: /dev/i2c-11 Device 1022:790B Subsystem: 1043:87C0
1037  |Info:    Registering I2C interface: /dev/i2c-2 Device 1002:73BF Subsystem: 1043:04F2
1037  |Info:    Registering I2C interface: /dev/i2c-0 Device 0000:0000 Subsystem: 0000:0000
1037  |Warning: [i2c_smbus_linux] Failed to read i2c device PCI device ID
1037  |Info:    Registering I2C interface: /dev/i2c-9 Device 0000:0000 Subsystem: 0000:0000
1037  |Warning: [i2c_smbus_linux] Failed to read i2c device PCI device ID
1037  |Info:    Registering I2C interface: /dev/i2c-7 Device 0000:0000 Subsystem: 0000:0000
1037  |Info:    Registering I2C interface: /dev/i2c-5 Device 1002:73BF Subsystem: 1043:04F2
1037  |Info:    Registering I2C interface: /dev/i2c-12 Device 1022:790B Subsystem: 1043:87C0
1037  |Info:    ------------------------------------------------------
1037  |Info:    |               Detecting I2C devices                |
1037  |Info:    ------------------------------------------------------
2375  |Info:    ------------------------------------------------------
2375  |Info:    |               Detecting I2C PCI devices            |
2375  |Info:    ------------------------------------------------------
2535  |Info:    ------------------------------------------------------
2535  |Info:    |               Detecting HID devices                |
2535  |Info:    ------------------------------------------------------
2615  |Info:    [ASUS ROG STRIX B550-F GAMING (WI-FI)] Registering RGB controller
2639  |Info:    [Razer Deathadder V2] Registering RGB controller
2639  |Info:    ------------------------------------------------------
2639  |Info:    |              Detecting other devices               |
2639  |Info:    ------------------------------------------------------
2661  |Info:    [Lian Li Uni Hub] Registering RGB controller
2661  |Info:    ------------------------------------------------------
2661  |Info:    |                Detection completed                 |
2661  |Info:    ------------------------------------------------------
2661  |Info:    Profile loading: Succeeded for ASUS ROG STRIX B550-F GAMING (WI-FI) @ HID: /dev/hidraw6
2661  |Info:    Profile loading: Succeeded for Razer Deathadder V2 @ HID: /dev/hidraw0
2661  |Info:    Profile loading: Succeeded for Lian Li Uni Hub @ USB: 7:1
