    OpenRGB v0.8
    Commit:  from 
    Launched: 20230115_130108
====================================================================================================

73    |Info:    Found file: blue.orp attempting to validate header
73    |Info:    Valid v3 profile found for blue
1074  |Info:    ------------------------------------------------------
1074  |Info:    |               Start device detection               |
1074  |Info:    ------------------------------------------------------
1074  |Info:    Initializing HID interfaces: Success
1077  |Info:    ------------------------------------------------------
1077  |Info:    |             Detecting I2C interfaces               |
1077  |Info:    ------------------------------------------------------
1077  |Info:    Registering I2C interface: /dev/i2c-3 Device 1002:73BF Subsystem: 1043:04F2
1077  |Info:    Registering I2C interface: /dev/i2c-10 Device 1022:790B Subsystem: 1043:87C0
1077  |Info:    Registering I2C interface: /dev/i2c-1 Device 1002:73BF Subsystem: 1043:04F2
1077  |Warning: [i2c_smbus_linux] Failed to read i2c device PCI device ID
1077  |Info:    Registering I2C interface: /dev/i2c-8 Device 0000:0000 Subsystem: 0000:0000
1077  |Info:    Registering I2C interface: /dev/i2c-6 Device 1002:73BF Subsystem: 1043:04F2
1077  |Info:    Registering I2C interface: /dev/i2c-4 Device 1002:73BF Subsystem: 1043:04F2
1078  |Info:    Registering I2C interface: /dev/i2c-11 Device 1022:790B Subsystem: 1043:87C0
1078  |Info:    Registering I2C interface: /dev/i2c-2 Device 1002:73BF Subsystem: 1043:04F2
1078  |Info:    Registering I2C interface: /dev/i2c-0 Device 0000:0000 Subsystem: 0000:0000
1078  |Warning: [i2c_smbus_linux] Failed to read i2c device PCI device ID
1078  |Info:    Registering I2C interface: /dev/i2c-9 Device 0000:0000 Subsystem: 0000:0000
1078  |Warning: [i2c_smbus_linux] Failed to read i2c device PCI device ID
1078  |Info:    Registering I2C interface: /dev/i2c-7 Device 0000:0000 Subsystem: 0000:0000
1078  |Info:    Registering I2C interface: /dev/i2c-5 Device 1002:73BF Subsystem: 1043:04F2
1078  |Info:    Registering I2C interface: /dev/i2c-12 Device 1022:790B Subsystem: 1043:87C0
1078  |Info:    ------------------------------------------------------
1078  |Info:    |               Detecting I2C devices                |
1078  |Info:    ------------------------------------------------------
2166  |Info:    ------------------------------------------------------
2166  |Info:    |               Detecting I2C PCI devices            |
2166  |Info:    ------------------------------------------------------
2332  |Info:    ------------------------------------------------------
2332  |Info:    |               Detecting HID devices                |
2332  |Info:    ------------------------------------------------------
2413  |Info:    [ASUS ROG STRIX B550-F GAMING (WI-FI)] Registering RGB controller
2437  |Info:    [Razer Deathadder V2] Registering RGB controller
2437  |Info:    ------------------------------------------------------
2437  |Info:    |              Detecting other devices               |
2437  |Info:    ------------------------------------------------------
2460  |Info:    [Lian Li Uni Hub] Registering RGB controller
2460  |Info:    ------------------------------------------------------
2460  |Info:    |                Detection completed                 |
2460  |Info:    ------------------------------------------------------
2460  |Info:    Profile loading: Succeeded for ASUS ROG STRIX B550-F GAMING (WI-FI) @ HID: /dev/hidraw8
2460  |Info:    Profile loading: Succeeded for Razer Deathadder V2 @ HID: /dev/hidraw0
2460  |Info:    Profile loading: Succeeded for Lian Li Uni Hub @ USB: 7:1
