    OpenRGB v0.8
    Commit:  from 
    Launched: 20230123_211021
====================================================================================================

146   |Info:    Found file: blue.orp attempting to validate header
146   |Info:    Valid v3 profile found for blue
1148  |Info:    ------------------------------------------------------
1148  |Info:    |               Start device detection               |
1148  |Info:    ------------------------------------------------------
1148  |Info:    Initializing HID interfaces: Success
1151  |Info:    ------------------------------------------------------
1151  |Info:    |             Detecting I2C interfaces               |
1151  |Info:    ------------------------------------------------------
1151  |Info:    Registering I2C interface: /dev/i2c-3 Device 1002:73BF Subsystem: 1043:04F2
1151  |Info:    Registering I2C interface: /dev/i2c-10 Device 1022:790B Subsystem: 1043:87C0
1151  |Info:    Registering I2C interface: /dev/i2c-1 Device 1002:73BF Subsystem: 1043:04F2
1151  |Warning: [i2c_smbus_linux] Failed to read i2c device PCI device ID
1151  |Info:    Registering I2C interface: /dev/i2c-8 Device 0000:0000 Subsystem: 0000:0000
1151  |Info:    Registering I2C interface: /dev/i2c-6 Device 1002:73BF Subsystem: 1043:04F2
1151  |Info:    Registering I2C interface: /dev/i2c-4 Device 1002:73BF Subsystem: 1043:04F2
1151  |Info:    Registering I2C interface: /dev/i2c-11 Device 1022:790B Subsystem: 1043:87C0
1151  |Info:    Registering I2C interface: /dev/i2c-2 Device 1002:73BF Subsystem: 1043:04F2
1151  |Info:    Registering I2C interface: /dev/i2c-0 Device 0000:0000 Subsystem: 0000:0000
1151  |Warning: [i2c_smbus_linux] Failed to read i2c device PCI device ID
1151  |Info:    Registering I2C interface: /dev/i2c-9 Device 0000:0000 Subsystem: 0000:0000
1151  |Warning: [i2c_smbus_linux] Failed to read i2c device PCI device ID
1151  |Info:    Registering I2C interface: /dev/i2c-7 Device 0000:0000 Subsystem: 0000:0000
1151  |Info:    Registering I2C interface: /dev/i2c-5 Device 1002:73BF Subsystem: 1043:04F2
1151  |Info:    Registering I2C interface: /dev/i2c-12 Device 1022:790B Subsystem: 1043:87C0
1151  |Info:    ------------------------------------------------------
1151  |Info:    |               Detecting I2C devices                |
1151  |Info:    ------------------------------------------------------
2223  |Info:    ------------------------------------------------------
2223  |Info:    |               Detecting I2C PCI devices            |
2223  |Info:    ------------------------------------------------------
2385  |Info:    ------------------------------------------------------
2385  |Info:    |               Detecting HID devices                |
2385  |Info:    ------------------------------------------------------
2463  |Info:    [ASUS ROG STRIX B550-F GAMING (WI-FI)] Registering RGB controller
2487  |Info:    [Razer Deathadder V2] Registering RGB controller
2487  |Info:    ------------------------------------------------------
2487  |Info:    |              Detecting other devices               |
2487  |Info:    ------------------------------------------------------
2510  |Info:    [Lian Li Uni Hub] Registering RGB controller
2510  |Info:    ------------------------------------------------------
2510  |Info:    |                Detection completed                 |
2510  |Info:    ------------------------------------------------------
2510  |Info:    Profile loading: Succeeded for ASUS ROG STRIX B550-F GAMING (WI-FI) @ HID: /dev/hidraw8
2511  |Info:    Profile loading: Succeeded for Razer Deathadder V2 @ HID: /dev/hidraw0
2511  |Info:    Profile loading: Succeeded for Lian Li Uni Hub @ USB: 7:1
