    OpenRGB v0.8
    Commit:  from 
    Launched: 20230109_103521
====================================================================================================

67    |Info:    Found file: blue.orp attempting to validate header
67    |Info:    Valid v3 profile found for blue
1069  |Info:    ------------------------------------------------------
1069  |Info:    |               Start device detection               |
1069  |Info:    ------------------------------------------------------
1069  |Info:    Initializing HID interfaces: Success
1072  |Info:    ------------------------------------------------------
1072  |Info:    |             Detecting I2C interfaces               |
1072  |Info:    ------------------------------------------------------
1072  |Info:    Registering I2C interface: /dev/i2c-3 Device 1002:73BF Subsystem: 1043:04F2
1072  |Info:    Registering I2C interface: /dev/i2c-10 Device 1022:790B Subsystem: 1043:87C0
1072  |Info:    Registering I2C interface: /dev/i2c-1 Device 1002:73BF Subsystem: 1043:04F2
1072  |Warning: [i2c_smbus_linux] Failed to read i2c device PCI device ID
1072  |Info:    Registering I2C interface: /dev/i2c-8 Device 0000:0000 Subsystem: 0000:0000
1072  |Info:    Registering I2C interface: /dev/i2c-6 Device 1002:73BF Subsystem: 1043:04F2
1072  |Info:    Registering I2C interface: /dev/i2c-4 Device 1002:73BF Subsystem: 1043:04F2
1072  |Info:    Registering I2C interface: /dev/i2c-11 Device 1022:790B Subsystem: 1043:87C0
1072  |Info:    Registering I2C interface: /dev/i2c-2 Device 1002:73BF Subsystem: 1043:04F2
1072  |Info:    Registering I2C interface: /dev/i2c-0 Device 0000:0000 Subsystem: 0000:0000
1072  |Warning: [i2c_smbus_linux] Failed to read i2c device PCI device ID
1072  |Info:    Registering I2C interface: /dev/i2c-9 Device 0000:0000 Subsystem: 0000:0000
1072  |Warning: [i2c_smbus_linux] Failed to read i2c device PCI device ID
1072  |Info:    Registering I2C interface: /dev/i2c-7 Device 0000:0000 Subsystem: 0000:0000
1073  |Info:    Registering I2C interface: /dev/i2c-5 Device 1002:73BF Subsystem: 1043:04F2
1073  |Info:    Registering I2C interface: /dev/i2c-12 Device 1022:790B Subsystem: 1043:87C0
1073  |Info:    ------------------------------------------------------
1073  |Info:    |               Detecting I2C devices                |
1073  |Info:    ------------------------------------------------------
2151  |Info:    ------------------------------------------------------
2151  |Info:    |               Detecting I2C PCI devices            |
2151  |Info:    ------------------------------------------------------
2316  |Info:    ------------------------------------------------------
2316  |Info:    |               Detecting HID devices                |
2316  |Info:    ------------------------------------------------------
2397  |Info:    [ASUS ROG STRIX B550-F GAMING (WI-FI)] Registering RGB controller
2421  |Info:    [Razer Deathadder V2] Registering RGB controller
2421  |Info:    ------------------------------------------------------
2421  |Info:    |              Detecting other devices               |
2421  |Info:    ------------------------------------------------------
2442  |Info:    [Lian Li Uni Hub] Registering RGB controller
2442  |Info:    ------------------------------------------------------
2442  |Info:    |                Detection completed                 |
2442  |Info:    ------------------------------------------------------
2443  |Info:    Profile loading: Succeeded for ASUS ROG STRIX B550-F GAMING (WI-FI) @ HID: /dev/hidraw8
2443  |Info:    Profile loading: Succeeded for Razer Deathadder V2 @ HID: /dev/hidraw0
2443  |Info:    Profile loading: Succeeded for Lian Li Uni Hub @ USB: 7:1
