    OpenRGB v0.8
    Commit:  from 
    Launched: 20230105_132622
====================================================================================================

18    |Info:    Found file: blue.orp attempting to validate header
18    |Info:    Valid v3 profile found for blue
1019  |Info:    ------------------------------------------------------
1019  |Info:    |               Start device detection               |
1019  |Info:    ------------------------------------------------------
1020  |Info:    Initializing HID interfaces: Success
1022  |Info:    ------------------------------------------------------
1022  |Info:    |             Detecting I2C interfaces               |
1022  |Info:    ------------------------------------------------------
1022  |Info:    Registering I2C interface: /dev/i2c-3 Device 1002:73BF Subsystem: 1043:04F2
1022  |Info:    Registering I2C interface: /dev/i2c-10 Device 1022:790B Subsystem: 1043:87C0
1022  |Info:    Registering I2C interface: /dev/i2c-1 Device 1002:73BF Subsystem: 1043:04F2
1022  |Warning: [i2c_smbus_linux] Failed to read i2c device PCI device ID
1022  |Info:    Registering I2C interface: /dev/i2c-8 Device 0000:0000 Subsystem: 0000:0000
1022  |Info:    Registering I2C interface: /dev/i2c-6 Device 1002:73BF Subsystem: 1043:04F2
1022  |Info:    Registering I2C interface: /dev/i2c-4 Device 1002:73BF Subsystem: 1043:04F2
1023  |Info:    Registering I2C interface: /dev/i2c-11 Device 1022:790B Subsystem: 1043:87C0
1023  |Info:    Registering I2C interface: /dev/i2c-2 Device 1002:73BF Subsystem: 1043:04F2
1023  |Info:    Registering I2C interface: /dev/i2c-0 Device 0000:0000 Subsystem: 0000:0000
1023  |Warning: [i2c_smbus_linux] Failed to read i2c device PCI device ID
1023  |Info:    Registering I2C interface: /dev/i2c-9 Device 0000:0000 Subsystem: 0000:0000
1023  |Warning: [i2c_smbus_linux] Failed to read i2c device PCI device ID
1023  |Info:    Registering I2C interface: /dev/i2c-7 Device 0000:0000 Subsystem: 0000:0000
1023  |Info:    Registering I2C interface: /dev/i2c-5 Device 1002:73BF Subsystem: 1043:04F2
1023  |Info:    Registering I2C interface: /dev/i2c-12 Device 1022:790B Subsystem: 1043:87C0
1023  |Info:    ------------------------------------------------------
1023  |Info:    |               Detecting I2C devices                |
1023  |Info:    ------------------------------------------------------
2371  |Info:    ------------------------------------------------------
2371  |Info:    |               Detecting I2C PCI devices            |
2371  |Info:    ------------------------------------------------------
2538  |Info:    ------------------------------------------------------
2538  |Info:    |               Detecting HID devices                |
2538  |Info:    ------------------------------------------------------
2616  |Info:    [ASUS ROG STRIX B550-F GAMING (WI-FI)] Registering RGB controller
2640  |Info:    [Razer Deathadder V2] Registering RGB controller
2640  |Info:    ------------------------------------------------------
2640  |Info:    |              Detecting other devices               |
2640  |Info:    ------------------------------------------------------
2662  |Info:    [Lian Li Uni Hub] Registering RGB controller
2662  |Info:    ------------------------------------------------------
2662  |Info:    |                Detection completed                 |
2662  |Info:    ------------------------------------------------------
2662  |Info:    Profile loading: Succeeded for ASUS ROG STRIX B550-F GAMING (WI-FI) @ HID: /dev/hidraw6
2662  |Info:    Profile loading: Succeeded for Razer Deathadder V2 @ HID: /dev/hidraw0
2662  |Info:    Profile loading: Succeeded for Lian Li Uni Hub @ USB: 7:1
