    OpenRGB v0.8
    Commit:  from 
    Launched: 20230108_125342
====================================================================================================

107   |Info:    Found file: blue.orp attempting to validate header
107   |Info:    Valid v3 profile found for blue
1108  |Info:    ------------------------------------------------------
1108  |Info:    |               Start device detection               |
1108  |Info:    ------------------------------------------------------
1109  |Info:    Initializing HID interfaces: Success
1111  |Info:    ------------------------------------------------------
1111  |Info:    |             Detecting I2C interfaces               |
1111  |Info:    ------------------------------------------------------
1111  |Info:    Registering I2C interface: /dev/i2c-3 Device 1002:73BF Subsystem: 1043:04F2
1111  |Info:    Registering I2C interface: /dev/i2c-10 Device 1022:790B Subsystem: 1043:87C0
1111  |Info:    Registering I2C interface: /dev/i2c-1 Device 1002:73BF Subsystem: 1043:04F2
1111  |Warning: [i2c_smbus_linux] Failed to read i2c device PCI device ID
1111  |Info:    Registering I2C interface: /dev/i2c-8 Device 0000:0000 Subsystem: 0000:0000
1112  |Info:    Registering I2C interface: /dev/i2c-6 Device 1002:73BF Subsystem: 1043:04F2
1112  |Info:    Registering I2C interface: /dev/i2c-4 Device 1002:73BF Subsystem: 1043:04F2
1112  |Info:    Registering I2C interface: /dev/i2c-11 Device 1022:790B Subsystem: 1043:87C0
1112  |Info:    Registering I2C interface: /dev/i2c-2 Device 1002:73BF Subsystem: 1043:04F2
1112  |Info:    Registering I2C interface: /dev/i2c-0 Device 0000:0000 Subsystem: 0000:0000
1112  |Warning: [i2c_smbus_linux] Failed to read i2c device PCI device ID
1112  |Info:    Registering I2C interface: /dev/i2c-9 Device 0000:0000 Subsystem: 0000:0000
1112  |Warning: [i2c_smbus_linux] Failed to read i2c device PCI device ID
1112  |Info:    Registering I2C interface: /dev/i2c-7 Device 0000:0000 Subsystem: 0000:0000
1112  |Info:    Registering I2C interface: /dev/i2c-5 Device 1002:73BF Subsystem: 1043:04F2
1112  |Info:    Registering I2C interface: /dev/i2c-12 Device 1022:790B Subsystem: 1043:87C0
1112  |Info:    ------------------------------------------------------
1112  |Info:    |               Detecting I2C devices                |
1112  |Info:    ------------------------------------------------------
2178  |Info:    ------------------------------------------------------
2178  |Info:    |               Detecting I2C PCI devices            |
2178  |Info:    ------------------------------------------------------
2345  |Info:    ------------------------------------------------------
2345  |Info:    |               Detecting HID devices                |
2345  |Info:    ------------------------------------------------------
2421  |Info:    [ASUS ROG STRIX B550-F GAMING (WI-FI)] Registering RGB controller
2444  |Info:    [Razer Deathadder V2] Registering RGB controller
2444  |Info:    ------------------------------------------------------
2444  |Info:    |              Detecting other devices               |
2444  |Info:    ------------------------------------------------------
2465  |Info:    [Lian Li Uni Hub] Registering RGB controller
2465  |Info:    ------------------------------------------------------
2465  |Info:    |                Detection completed                 |
2465  |Info:    ------------------------------------------------------
2465  |Info:    Profile loading: Succeeded for ASUS ROG STRIX B550-F GAMING (WI-FI) @ HID: /dev/hidraw8
2465  |Info:    Profile loading: Succeeded for Razer Deathadder V2 @ HID: /dev/hidraw0
2465  |Info:    Profile loading: Succeeded for Lian Li Uni Hub @ USB: 7:1
