    OpenRGB v0.8
    Commit:  from 
    Launched: 20230113_181920
====================================================================================================

0     |Info:    Found file: blue.orp attempting to validate header
68    |Info:    Valid v3 profile found for blue
1070  |Info:    ------------------------------------------------------
1070  |Info:    |               Start device detection               |
1070  |Info:    ------------------------------------------------------
1070  |Info:    Initializing HID interfaces: Success
1073  |Info:    ------------------------------------------------------
1073  |Info:    |             Detecting I2C interfaces               |
1073  |Info:    ------------------------------------------------------
1073  |Info:    Registering I2C interface: /dev/i2c-3 Device 1002:73BF Subsystem: 1043:04F2
1073  |Info:    Registering I2C interface: /dev/i2c-10 Device 1022:790B Subsystem: 1043:87C0
1074  |Info:    Registering I2C interface: /dev/i2c-1 Device 1002:73BF Subsystem: 1043:04F2
1074  |Warning: [i2c_smbus_linux] Failed to read i2c device PCI device ID
1074  |Info:    Registering I2C interface: /dev/i2c-8 Device 0000:0000 Subsystem: 0000:0000
1074  |Info:    Registering I2C interface: /dev/i2c-6 Device 1002:73BF Subsystem: 1043:04F2
1074  |Info:    Registering I2C interface: /dev/i2c-4 Device 1002:73BF Subsystem: 1043:04F2
1074  |Info:    Registering I2C interface: /dev/i2c-11 Device 1022:790B Subsystem: 1043:87C0
1074  |Info:    Registering I2C interface: /dev/i2c-2 Device 1002:73BF Subsystem: 1043:04F2
1074  |Info:    Registering I2C interface: /dev/i2c-0 Device 0000:0000 Subsystem: 0000:0000
1074  |Warning: [i2c_smbus_linux] Failed to read i2c device PCI device ID
1074  |Info:    Registering I2C interface: /dev/i2c-9 Device 0000:0000 Subsystem: 0000:0000
1074  |Warning: [i2c_smbus_linux] Failed to read i2c device PCI device ID
1074  |Info:    Registering I2C interface: /dev/i2c-7 Device 0000:0000 Subsystem: 0000:0000
1074  |Info:    Registering I2C interface: /dev/i2c-5 Device 1002:73BF Subsystem: 1043:04F2
1074  |Info:    Registering I2C interface: /dev/i2c-12 Device 1022:790B Subsystem: 1043:87C0
1074  |Info:    ------------------------------------------------------
1074  |Info:    |               Detecting I2C devices                |
1074  |Info:    ------------------------------------------------------
2159  |Info:    ------------------------------------------------------
2159  |Info:    |               Detecting I2C PCI devices            |
2159  |Info:    ------------------------------------------------------
2323  |Info:    ------------------------------------------------------
2323  |Info:    |               Detecting HID devices                |
2323  |Info:    ------------------------------------------------------
2340  |Info:    [Sony DualShock 4] Registering RGB controller
2415  |Info:    [ASUS ROG STRIX B550-F GAMING (WI-FI)] Registering RGB controller
2439  |Info:    [Razer Deathadder V2] Registering RGB controller
2439  |Info:    ------------------------------------------------------
2439  |Info:    |              Detecting other devices               |
2439  |Info:    ------------------------------------------------------
2463  |Info:    [Lian Li Uni Hub] Registering RGB controller
2464  |Info:    ------------------------------------------------------
2464  |Info:    |                Detection completed                 |
2464  |Info:    ------------------------------------------------------
2464  |Info:    Profile loading: FAILED! for Sony DualShock 4 @ HID: /dev/hidraw10
2464  |Info:    Profile loading: Succeeded for ASUS ROG STRIX B550-F GAMING (WI-FI) @ HID: /dev/hidraw8
2464  |Info:    Profile loading: Succeeded for Razer Deathadder V2 @ HID: /dev/hidraw0
2464  |Info:    Profile loading: Succeeded for Lian Li Uni Hub @ USB: 7:1
