    OpenRGB v0.8
    Commit:  from 
    Launched: 20230227_183730
====================================================================================================

1     |Info:    Found file: blue.orp attempting to validate header
1     |Info:    Valid v3 profile found for blue
1004  |Info:    ------------------------------------------------------
1004  |Info:    |               Start device detection               |
1004  |Info:    ------------------------------------------------------
1004  |Info:    Initializing HID interfaces: Success
1008  |Info:    ------------------------------------------------------
1008  |Info:    |             Detecting I2C interfaces               |
1008  |Info:    ------------------------------------------------------
1008  |Info:    Registering I2C interface: /dev/i2c-3 Device 1002:73BF Subsystem: 1043:04F2
1008  |Info:    Registering I2C interface: /dev/i2c-10 Device 1022:790B Subsystem: 1043:87C0
1008  |Info:    Registering I2C interface: /dev/i2c-1 Device 1002:73BF Subsystem: 1043:04F2
1008  |Warning: [i2c_smbus_linux] Failed to read i2c device PCI device ID
1008  |Info:    Registering I2C interface: /dev/i2c-8 Device 0000:0000 Subsystem: 0000:0000
1008  |Info:    Registering I2C interface: /dev/i2c-6 Device 1002:73BF Subsystem: 1043:04F2
1008  |Info:    Registering I2C interface: /dev/i2c-4 Device 1002:73BF Subsystem: 1043:04F2
1008  |Info:    Registering I2C interface: /dev/i2c-11 Device 1022:790B Subsystem: 1043:87C0
1008  |Info:    Registering I2C interface: /dev/i2c-2 Device 1002:73BF Subsystem: 1043:04F2
1008  |Info:    Registering I2C interface: /dev/i2c-0 Device 0000:0000 Subsystem: 0000:0000
1008  |Warning: [i2c_smbus_linux] Failed to read i2c device PCI device ID
1008  |Info:    Registering I2C interface: /dev/i2c-9 Device 0000:0000 Subsystem: 0000:0000
1008  |Warning: [i2c_smbus_linux] Failed to read i2c device PCI device ID
1008  |Info:    Registering I2C interface: /dev/i2c-7 Device 0000:0000 Subsystem: 0000:0000
1008  |Info:    Registering I2C interface: /dev/i2c-5 Device 1002:73BF Subsystem: 1043:04F2
1008  |Info:    Registering I2C interface: /dev/i2c-12 Device 1022:790B Subsystem: 1043:87C0
1008  |Info:    ------------------------------------------------------
1008  |Info:    |               Detecting I2C devices                |
1008  |Info:    ------------------------------------------------------
2085  |Info:    ------------------------------------------------------
2085  |Info:    |               Detecting I2C PCI devices            |
2085  |Info:    ------------------------------------------------------
2252  |Info:    ------------------------------------------------------
2252  |Info:    |               Detecting HID devices                |
2252  |Info:    ------------------------------------------------------
2271  |Info:    [Sony DualShock 4] Registering RGB controller
2346  |Info:    [ASUS ROG STRIX B550-F GAMING (WI-FI)] Registering RGB controller
2370  |Info:    [Razer Deathadder V2] Registering RGB controller
2370  |Info:    ------------------------------------------------------
2370  |Info:    |              Detecting other devices               |
2370  |Info:    ------------------------------------------------------
2394  |Info:    [Lian Li Uni Hub] Registering RGB controller
2394  |Info:    ------------------------------------------------------
2394  |Info:    |                Detection completed                 |
2394  |Info:    ------------------------------------------------------
2394  |Info:    Profile loading: FAILED! for Sony DualShock 4 @ HID: /dev/hidraw10
2394  |Info:    Profile loading: Succeeded for ASUS ROG STRIX B550-F GAMING (WI-FI) @ HID: /dev/hidraw7
2394  |Info:    Profile loading: Succeeded for Razer Deathadder V2 @ HID: /dev/hidraw0
2394  |Info:    Profile loading: Succeeded for Lian Li Uni Hub @ USB: 7:1
